-------------------------------------------------------------------------------
Test set: com.devionics.co.MarketPlaceApplicationTests
-------------------------------------------------------------------------------
Tests run: 1, Failures: 0, Errors: 1, Skipped: 0, Time elapsed: 4.114 s <<< FAILURE! - in com.devionics.co.MarketPlaceApplicationTests
contextLoads  Time elapsed: 0.001 s  <<< ERROR!
java.lang.IllegalStateException: Failed to load ApplicationContext
Caused by: org.springframework.beans.factory.BeanCreationException: Error creating bean with name 'entityManagerFactory' defined in class path resource [org/springframework/boot/autoconfigure/orm/jpa/HibernateJpaConfiguration.class]: Invocation of init method failed; nested exception is org.hibernate.AnnotationException: java.util.ArrayList collection type not supported for property: com.devionics.co.Entity.Cart.cartItem
Caused by: org.hibernate.AnnotationException: java.util.ArrayList collection type not supported for property: com.devionics.co.Entity.Cart.cartItem

